<?xml version="1.0" encoding="UTF-8"?>
<testsuite name="br.com.clean.core.interactor.UseCaseDispatcherTest$GuardAllowanceWithoutCallbackTest" tests="2" skipped="0" failures="0" errors="0" timestamp="2020-08-17T13:27:40" hostname="MacBook-Pro-de-caio.local" time="0.006">
  <properties/>
  <testcase name="when dispatcher is invoked, then code runs on both threads()" classname="br.com.clean.core.interactor.UseCaseDispatcherTest$GuardAllowanceWithoutCallbackTest" time="0.002"/>
  <testcase name="when dispatcher is invoked, then call execute and onResult with success()" classname="br.com.clean.core.interactor.UseCaseDispatcherTest$GuardAllowanceWithoutCallbackTest" time="0.003"/>
  <system-out><![CDATA[]]></system-out>
  <system-err><![CDATA[]]></system-err>
</testsuite>
